{"C:\\Users\\Dennis Kaffer\\Desktop\\projects\\git\\lolzinho-status-app\\consts.ts": {"path":"C:\\Users\\Dennis Kaffer\\Desktop\\projects\\git\\lolzinho-status-app\\consts.ts","statementMap":{"0":{"start":{"line":1,"column":28},"end":{"line":1,"column":51}}},"fnMap":{},"branchMap":{},"s":{"0":1},"f":{},"b":{},"_coverageSchema":"1a1c01bbd47fc00a2c39e90264f33305004495a9","hash":"a2b51c412098aafa6a297af55a57f5a8dde528cb"}
,"C:\\Users\\Dennis Kaffer\\Desktop\\projects\\git\\lolzinho-status-app\\src\\api\\baseService.ts": {"path":"C:\\Users\\Dennis Kaffer\\Desktop\\projects\\git\\lolzinho-status-app\\src\\api\\baseService.ts","statementMap":{"0":{"start":{"line":4,"column":20},"end":{"line":13,"column":1}},"1":{"start":{"line":5,"column":18},"end":{"line":7,"column":3}},"2":{"start":{"line":8,"column":2},"end":{"line":12,"column":5}},"3":{"start":{"line":15,"column":31},"end":{"line":16,"column":40}},"4":{"start":{"line":16,"column":2},"end":{"line":16,"column":40}}},"fnMap":{"0":{"name":"(anonymous_0)","decl":{"start":{"line":4,"column":20},"end":{"line":4,"column":21}},"loc":{"start":{"line":4,"column":43},"end":{"line":13,"column":1}},"line":4},"1":{"name":"(anonymous_1)","decl":{"start":{"line":15,"column":31},"end":{"line":15,"column":32}},"loc":{"start":{"line":16,"column":2},"end":{"line":16,"column":40}},"line":16}},"branchMap":{"0":{"loc":{"start":{"line":4,"column":21},"end":{"line":4,"column":38}},"type":"default-arg","locations":[{"start":{"line":4,"column":36},"end":{"line":4,"column":38}}],"line":4}},"s":{"0":1,"1":0,"2":0,"3":1,"4":0},"f":{"0":0,"1":0},"b":{"0":[0]},"_coverageSchema":"1a1c01bbd47fc00a2c39e90264f33305004495a9","hash":"6454ec12f3e11b0f4a7f90a3c96634ac3f1c0426"}
,"C:\\Users\\Dennis Kaffer\\Desktop\\projects\\git\\lolzinho-status-app\\src\\components\\Button\\index.tsx": {"path":"C:\\Users\\Dennis Kaffer\\Desktop\\projects\\git\\lolzinho-status-app\\src\\components\\Button\\index.tsx","statementMap":{"0":{"start":{"line":5,"column":20},"end":{"line":12,"column":1}},"1":{"start":{"line":14,"column":19},"end":{"line":19,"column":1}},"2":{"start":{"line":25,"column":33},"end":{"line":29,"column":1}},"3":{"start":{"line":26,"column":2},"end":{"line":28,"column":16}}},"fnMap":{"0":{"name":"(anonymous_0)","decl":{"start":{"line":25,"column":33},"end":{"line":25,"column":34}},"loc":{"start":{"line":26,"column":2},"end":{"line":28,"column":16}},"line":26}},"branchMap":{},"s":{"0":1,"1":1,"2":1,"3":2},"f":{"0":2},"b":{},"_coverageSchema":"1a1c01bbd47fc00a2c39e90264f33305004495a9","hash":"ab47ca98a34f517147ec731fb26f7782dab88900"}
,"C:\\Users\\Dennis Kaffer\\Desktop\\projects\\git\\lolzinho-status-app\\src\\components\\Container\\index.tsx": {"path":"C:\\Users\\Dennis Kaffer\\Desktop\\projects\\git\\lolzinho-status-app\\src\\components\\Container\\index.tsx","statementMap":{"0":{"start":{"line":3,"column":18},"end":{"line":10,"column":1}}},"fnMap":{},"branchMap":{},"s":{"0":1},"f":{},"b":{},"_coverageSchema":"1a1c01bbd47fc00a2c39e90264f33305004495a9","hash":"81dbb9904692bd6e2564d342e5d78422a8299cc5"}
,"C:\\Users\\Dennis Kaffer\\Desktop\\projects\\git\\lolzinho-status-app\\src\\components\\CustomModal\\index.tsx": {"path":"C:\\Users\\Dennis Kaffer\\Desktop\\projects\\git\\lolzinho-status-app\\src\\components\\CustomModal\\index.tsx","statementMap":{"0":{"start":{"line":5,"column":19},"end":{"line":18,"column":1}},"1":{"start":{"line":20,"column":23},"end":{"line":26,"column":1}},"2":{"start":{"line":32,"column":38},"end":{"line":45,"column":10}},"3":{"start":{"line":33,"column":2},"end":{"line":45,"column":10}},"4":{"start":{"line":38,"column":8},"end":{"line":38,"column":35}}},"fnMap":{"0":{"name":"(anonymous_0)","decl":{"start":{"line":32,"column":38},"end":{"line":32,"column":39}},"loc":{"start":{"line":33,"column":2},"end":{"line":45,"column":10}},"line":33},"1":{"name":"(anonymous_1)","decl":{"start":{"line":37,"column":22},"end":{"line":37,"column":23}},"loc":{"start":{"line":37,"column":28},"end":{"line":39,"column":7}},"line":37}},"branchMap":{"0":{"loc":{"start":{"line":33,"column":2},"end":{"line":45,"column":10}},"type":"cond-expr","locations":[{"start":{"line":34,"column":4},"end":{"line":44,"column":17}},{"start":{"line":45,"column":6},"end":{"line":45,"column":10}}],"line":33}},"s":{"0":1,"1":1,"2":1,"3":2,"4":0},"f":{"0":2,"1":0},"b":{"0":[0,2]},"_coverageSchema":"1a1c01bbd47fc00a2c39e90264f33305004495a9","hash":"4acef5ca12324042fb711f1a9644ef074e0fd329"}
,"C:\\Users\\Dennis Kaffer\\Desktop\\projects\\git\\lolzinho-status-app\\src\\components\\CustomView\\index.tsx": {"path":"C:\\Users\\Dennis Kaffer\\Desktop\\projects\\git\\lolzinho-status-app\\src\\components\\CustomView\\index.tsx","statementMap":{"0":{"start":{"line":3,"column":19},"end":{"line":9,"column":1}},"1":{"start":{"line":11,"column":26},"end":{"line":14,"column":1}}},"fnMap":{},"branchMap":{},"s":{"0":1,"1":1},"f":{},"b":{},"_coverageSchema":"1a1c01bbd47fc00a2c39e90264f33305004495a9","hash":"5ec9ab6472a03837f2403ed6e0807980e7b4bf33"}
,"C:\\Users\\Dennis Kaffer\\Desktop\\projects\\git\\lolzinho-status-app\\src\\components\\Input\\index.tsx": {"path":"C:\\Users\\Dennis Kaffer\\Desktop\\projects\\git\\lolzinho-status-app\\src\\components\\Input\\index.tsx","statementMap":{"0":{"start":{"line":5,"column":19},"end":{"line":11,"column":1}},"1":{"start":{"line":13,"column":14},"end":{"line":17,"column":1}},"2":{"start":{"line":26,"column":25},"end":{"line":36,"column":1}},"3":{"start":{"line":27,"column":2},"end":{"line":35,"column":9}}},"fnMap":{"0":{"name":"(anonymous_0)","decl":{"start":{"line":26,"column":25},"end":{"line":26,"column":26}},"loc":{"start":{"line":27,"column":2},"end":{"line":35,"column":9}},"line":27}},"branchMap":{"0":{"loc":{"start":{"line":34,"column":5},"end":{"line":34,"column":56}},"type":"cond-expr","locations":[{"start":{"line":34,"column":13},"end":{"line":34,"column":49}},{"start":{"line":34,"column":52},"end":{"line":34,"column":56}}],"line":34}},"s":{"0":1,"1":1,"2":1,"3":2},"f":{"0":2},"b":{"0":[0,2]},"_coverageSchema":"1a1c01bbd47fc00a2c39e90264f33305004495a9","hash":"db06ce60ce40bf050c505be8bdf5e1abe852617b"}
,"C:\\Users\\Dennis Kaffer\\Desktop\\projects\\git\\lolzinho-status-app\\src\\screens\\Main\\Main.tsx": {"path":"C:\\Users\\Dennis Kaffer\\Desktop\\projects\\git\\lolzinho-status-app\\src\\screens\\Main\\Main.tsx","statementMap":{"0":{"start":{"line":10,"column":38},"end":{"line":10,"column":58}},"1":{"start":{"line":11,"column":36},"end":{"line":11,"column":60}},"2":{"start":{"line":12,"column":28},"end":{"line":12,"column":52}},"3":{"start":{"line":13,"column":38},"end":{"line":13,"column":55}},"4":{"start":{"line":15,"column":23},"end":{"line":28,"column":3}},"5":{"start":{"line":16,"column":4},"end":{"line":16,"column":23}},"6":{"start":{"line":17,"column":4},"end":{"line":17,"column":20}},"7":{"start":{"line":18,"column":4},"end":{"line":27,"column":5}},"8":{"start":{"line":19,"column":23},"end":{"line":19,"column":56}},"9":{"start":{"line":20,"column":6},"end":{"line":20,"column":26}},"10":{"start":{"line":21,"column":6},"end":{"line":21,"column":24}},"11":{"start":{"line":22,"column":6},"end":{"line":22,"column":26}},"12":{"start":{"line":24,"column":6},"end":{"line":24,"column":24}},"13":{"start":{"line":25,"column":6},"end":{"line":25,"column":21}},"14":{"start":{"line":26,"column":6},"end":{"line":26,"column":26}},"15":{"start":{"line":30,"column":2},"end":{"line":47,"column":4}}},"fnMap":{"0":{"name":"Main","decl":{"start":{"line":9,"column":24},"end":{"line":9,"column":28}},"loc":{"start":{"line":9,"column":31},"end":{"line":48,"column":1}},"line":9},"1":{"name":"(anonymous_1)","decl":{"start":{"line":15,"column":23},"end":{"line":15,"column":24}},"loc":{"start":{"line":15,"column":35},"end":{"line":28,"column":3}},"line":15}},"branchMap":{"0":{"loc":{"start":{"line":40,"column":7},"end":{"line":45,"column":14}},"type":"cond-expr","locations":[{"start":{"line":41,"column":8},"end":{"line":44,"column":21}},{"start":{"line":45,"column":10},"end":{"line":45,"column":14}}],"line":40}},"s":{"0":2,"1":2,"2":2,"3":2,"4":2,"5":0,"6":0,"7":0,"8":0,"9":0,"10":0,"11":0,"12":0,"13":0,"14":0,"15":2},"f":{"0":2,"1":0},"b":{"0":[0,2]},"_coverageSchema":"1a1c01bbd47fc00a2c39e90264f33305004495a9","hash":"7d833079d4fae3089ac12f1d4f53a6f7db4ff74e"}
}
