TN:
SF:consts.ts
FNF:0
FNH:0
DA:1,1
LF:1
LH:1
BRF:0
BRH:0
end_of_record
TN:
SF:src\api\baseService.ts
FN:4,(anonymous_0)
FN:15,(anonymous_1)
FNF:2
FNH:0
FNDA:0,(anonymous_0)
FNDA:0,(anonymous_1)
DA:4,1
DA:5,0
DA:8,0
DA:15,1
DA:16,0
LF:5
LH:2
BRDA:4,0,0,0
BRF:1
BRH:0
end_of_record
TN:
SF:src\components\Button\index.tsx
FN:25,(anonymous_0)
FNF:1
FNH:1
FNDA:2,(anonymous_0)
DA:5,1
DA:14,1
DA:25,1
DA:26,2
LF:4
LH:4
BRF:0
BRH:0
end_of_record
TN:
SF:src\components\Container\index.tsx
FNF:0
FNH:0
DA:3,1
LF:1
LH:1
BRF:0
BRH:0
end_of_record
TN:
SF:src\components\CustomModal\index.tsx
FN:32,(anonymous_0)
FN:37,(anonymous_1)
FNF:2
FNH:1
FNDA:2,(anonymous_0)
FNDA:0,(anonymous_1)
DA:5,1
DA:20,1
DA:32,1
DA:33,2
DA:38,0
LF:5
LH:4
BRDA:33,0,0,0
BRDA:33,0,1,2
BRF:2
BRH:1
end_of_record
TN:
SF:src\components\CustomView\index.tsx
FNF:0
FNH:0
DA:3,1
DA:11,1
LF:2
LH:2
BRF:0
BRH:0
end_of_record
TN:
SF:src\components\Input\index.tsx
FN:26,(anonymous_0)
FNF:1
FNH:1
FNDA:2,(anonymous_0)
DA:5,1
DA:13,1
DA:26,1
DA:27,2
LF:4
LH:4
BRDA:34,0,0,0
BRDA:34,0,1,2
BRF:2
BRH:1
end_of_record
TN:
SF:src\screens\Main\Main.tsx
FN:9,Main
FN:15,(anonymous_1)
FNF:2
FNH:1
FNDA:2,Main
FNDA:0,(anonymous_1)
DA:10,2
DA:11,2
DA:12,2
DA:13,2
DA:15,2
DA:16,0
DA:17,0
DA:18,0
DA:19,0
DA:20,0
DA:21,0
DA:22,0
DA:24,0
DA:25,0
DA:26,0
DA:30,2
LF:16
LH:6
BRDA:40,0,0,0
BRDA:40,0,1,2
BRF:2
BRH:1
end_of_record
